<?xml version="1.0" encoding="UTF-8"?>
<testng-results ignored="0" total="1" passed="1" failed="0" skipped="0">
  <reporter-output>
  </reporter-output>
  <suite started-at="2023-02-14T11:03:30Z" name="Default suite" finished-at="2023-02-14T11:03:54Z" duration-ms="24705">
    <groups>
    </groups>
    <test started-at="2023-02-14T11:03:30Z" name="Default test" finished-at="2023-02-14T11:03:54Z" duration-ms="24705">
      <class name="com.flipkart_Assignment.FlipkartTest">
        <test-method is-config="true" signature="setup()[pri:0, instance:com.flipkart_Assignment.FlipkartTest@35432107]" started-at="2023-02-14T11:03:30Z" name="setup" finished-at="2023-02-14T11:03:34Z" duration-ms="4553" status="PASS">
          <reporter-output>
          </reporter-output>
        </test-method> <!-- setup -->
        <test-method signature="searchToAdd()[pri:0, instance:com.flipkart_Assignment.FlipkartTest@35432107]" started-at="2023-02-14T11:03:34Z" name="searchToAdd" finished-at="2023-02-14T11:03:54Z" duration-ms="19849" status="PASS">
          <reporter-output>
          </reporter-output>
        </test-method> <!-- searchToAdd -->
        <test-method is-config="true" signature="tearDown()[pri:0, instance:com.flipkart_Assignment.FlipkartTest@35432107]" started-at="2023-02-14T11:03:54Z" name="tearDown" finished-at="2023-02-14T11:03:54Z" duration-ms="262" status="PASS">
          <reporter-output>
          </reporter-output>
        </test-method> <!-- tearDown -->
      </class> <!-- com.flipkart_Assignment.FlipkartTest -->
    </test> <!-- Default test -->
  </suite> <!-- Default suite -->
</testng-results>
